<?xml version="1.0" encoding="UTF-8"?>
<!-- Generated by org.testng.reporters.JUnitReportReporter -->
<testsuite skipped="0" hostname="KSK" name="practice.AppiumFramework.ApiDemoTest" tests="2" failures="0" timestamp="04 Jul 2020 11:29:12 GMT" time="105.857" errors="0">
  <testcase name="apiDemoTest" time="53.570" classname="practice.AppiumFramework.ApiDemoTest"/>
  <testcase name="apiDemoTest" time="52.287" classname="practice.AppiumFramework.ApiDemoTest"/>
</testsuite> <!-- practice.AppiumFramework.ApiDemoTest -->
