<?xml version="1.0" encoding="UTF-8"?>
<!-- Generated by org.testng.reporters.JUnitReportReporter -->
<testsuite skipped="0" hostname="KSK" name="practice.AppiumFramework.ApiDemoTest" tests="2" failures="0" timestamp="05 Jul 2020 09:06:50 GMT" time="79.633" errors="0">
  <testcase name="apiDemoTest" time="39.160" classname="practice.AppiumFramework.ApiDemoTest"/>
  <testcase name="apiDemoTest" time="40.473" classname="practice.AppiumFramework.ApiDemoTest"/>
</testsuite> <!-- practice.AppiumFramework.ApiDemoTest -->
