<?xml version="1.0" encoding="UTF-8"?>
<!-- Generated by org.testng.reporters.JUnitReportReporter -->
<testsuite skipped="0" hostname="KSK" name="practice.AppiumFramework.EcommerceTC4_update" tests="1" failures="0" timestamp="05 Jul 2020 09:06:50 GMT" time="50.469" errors="0">
  <testcase name="totalValidation" time="50.469" classname="practice.AppiumFramework.EcommerceTC4_update"/>
</testsuite> <!-- practice.AppiumFramework.EcommerceTC4_update -->
